2018-11-18 01:19:18 info: The number of blogs the current user follows: 13
2018-11-18 01:20:58 info: The number of blogs the current user follows: 13
2018-11-18 02:39:48 info: Total posts of blog hannahkemp are: 1951
2018-11-18 02:39:48 info: Total posts of blog househuntingscotland are: 406
2018-11-18 02:39:48 info: Total posts of blog beautiful-scotland are: 1678
2018-11-18 02:39:48 info: Total posts of blog 123ailsabrown are: 25358
2018-11-18 02:39:48 info: Total posts of blog aricenttech are: 446
2018-11-18 02:39:48 info: Total posts of blog eroshotelnewdelhi are: 412
2018-11-18 02:39:48 info: Total posts of blog iomfurkan are: 27
2018-11-18 02:39:48 info: Total posts of blog photographdelhi are: 721
2018-11-18 02:39:48 info: Total posts of blog delhibarcrawl are: 1566
2018-11-18 02:39:48 info: Total posts of blog oh-glasgow are: 2068
2018-11-18 02:39:48 info: Total posts of blog pre-party are: 72402
2018-11-18 02:39:48 info: Total posts of blog travelingcolors are: 13572
2018-11-18 02:39:48 info: Total posts of blog staff are: 2333
2018-11-18 02:40:54 info: Total posts of blog hannahkemp are: 1951
2018-11-18 02:40:54 info: Total posts of blog househuntingscotland are: 406
2018-11-18 02:40:54 info: Total posts of blog beautiful-scotland are: 1678
2018-11-18 02:40:54 info: Total posts of blog 123ailsabrown are: 25358
2018-11-18 02:40:54 info: Total posts of blog aricenttech are: 446
2018-11-18 02:40:54 info: Total posts of blog eroshotelnewdelhi are: 412
2018-11-18 02:40:54 info: Total posts of blog iomfurkan are: 27
2018-11-18 02:40:54 info: Total posts of blog photographdelhi are: 721
2018-11-18 02:40:54 info: Total posts of blog delhibarcrawl are: 1566
2018-11-18 02:40:54 info: Total posts of blog oh-glasgow are: 2068
2018-11-18 02:40:54 info: Total posts of blog pre-party are: 72402
2018-11-18 02:40:54 info: Total posts of blog travelingcolors are: 13572
2018-11-18 02:40:54 info: Total posts of blog staff are: 2333
2018-11-18 03:05:27 info: Total posts of blog hannahkemp are: 1951
2018-11-18 03:05:27 info: Total posts of blog househuntingscotland are: 406
2018-11-18 03:05:27 info: Total posts of blog beautiful-scotland are: 1678
2018-11-18 03:05:27 info: Total posts of blog 123ailsabrown are: 25358
2018-11-18 03:05:27 info: Total posts of blog aricenttech are: 446
2018-11-18 03:05:27 info: Total posts of blog eroshotelnewdelhi are: 412
2018-11-18 03:05:27 info: Total posts of blog iomfurkan are: 27
2018-11-18 03:05:27 info: Total posts of blog photographdelhi are: 721
2018-11-18 03:05:27 info: Total posts of blog delhibarcrawl are: 1566
2018-11-18 03:05:27 info: Total posts of blog oh-glasgow are: 2068
2018-11-18 03:05:27 info: Total posts of blog pre-party are: 72402
2018-11-18 03:05:27 info: Total posts of blog travelingcolors are: 13572
2018-11-18 03:05:27 info: Total posts of blog staff are: 2333
2018-11-18 03:07:09 info: Total posts of blog hannahkemp are: 1951
2018-11-18 03:07:09 info: Total posts of blog househuntingscotland are: 406
2018-11-18 03:07:09 info: Total posts of blog beautiful-scotland are: 1678
2018-11-18 03:07:09 info: Total posts of blog 123ailsabrown are: 25358
2018-11-18 03:07:09 info: Total posts of blog aricenttech are: 446
2018-11-18 03:07:09 info: Total posts of blog eroshotelnewdelhi are: 412
2018-11-18 03:07:09 info: Total posts of blog iomfurkan are: 27
2018-11-18 03:07:09 info: Total posts of blog photographdelhi are: 721
2018-11-18 03:07:09 info: Total posts of blog delhibarcrawl are: 1566
2018-11-18 03:07:09 info: Total posts of blog oh-glasgow are: 2068
2018-11-18 03:07:09 info: Total posts of blog pre-party are: 72402
2018-11-18 03:07:09 info: Total posts of blog travelingcolors are: 13572
2018-11-18 03:07:09 info: Total posts of blog staff are: 2333
2018-11-18 03:07:41 info: Total posts of blog hannahkemp are: 1951
2018-11-18 03:07:41 info: Total posts of blog househuntingscotland are: 406
2018-11-18 03:07:41 info: Total posts of blog beautiful-scotland are: 1678
2018-11-18 03:07:41 info: Total posts of blog 123ailsabrown are: 25358
2018-11-18 03:07:41 info: Total posts of blog aricenttech are: 446
2018-11-18 03:07:41 info: Total posts of blog eroshotelnewdelhi are: 412
2018-11-18 03:07:41 info: Total posts of blog iomfurkan are: 27
2018-11-18 03:07:41 info: Total posts of blog photographdelhi are: 721
2018-11-18 03:07:41 info: Total posts of blog delhibarcrawl are: 1566
2018-11-18 03:07:41 info: Total posts of blog oh-glasgow are: 2068
2018-11-18 03:07:41 info: Total posts of blog pre-party are: 72402
2018-11-18 03:07:41 info: Total posts of blog travelingcolors are: 13572
2018-11-18 03:07:41 info: Total posts of blog staff are: 2333
2018-11-18 03:08:06 info: Total posts of blog hannahkemp are: 1951
2018-11-18 03:08:06 info: Total posts of blog househuntingscotland are: 406
2018-11-18 03:08:06 info: Total posts of blog beautiful-scotland are: 1678
2018-11-18 03:08:06 info: Total posts of blog 123ailsabrown are: 25358
2018-11-18 03:08:06 info: Total posts of blog aricenttech are: 446
2018-11-18 03:08:06 info: Total posts of blog eroshotelnewdelhi are: 412
2018-11-18 03:08:06 info: Total posts of blog iomfurkan are: 27
2018-11-18 03:08:06 info: Total posts of blog photographdelhi are: 721
2018-11-18 03:08:06 info: Total posts of blog delhibarcrawl are: 1566
2018-11-18 03:08:06 info: Total posts of blog oh-glasgow are: 2068
2018-11-18 03:08:06 info: Total posts of blog pre-party are: 72402
2018-11-18 03:08:06 info: Total posts of blog travelingcolors are: 13572
2018-11-18 03:08:06 info: Total posts of blog staff are: 2333
2018-11-18 03:09:48 info: Total posts of blog hannahkemp are: 1951
2018-11-18 03:09:48 info: Total posts of blog househuntingscotland are: 406
2018-11-18 03:09:48 info: Total posts of blog beautiful-scotland are: 1678
2018-11-18 03:09:48 info: Total posts of blog 123ailsabrown are: 25358
2018-11-18 03:09:48 info: Total posts of blog aricenttech are: 446
2018-11-18 03:09:48 info: Total posts of blog eroshotelnewdelhi are: 412
2018-11-18 03:09:48 info: Total posts of blog iomfurkan are: 27
2018-11-18 03:09:48 info: Total posts of blog photographdelhi are: 721
2018-11-18 03:09:48 info: Total posts of blog delhibarcrawl are: 1566
2018-11-18 03:09:48 info: Total posts of blog oh-glasgow are: 2068
2018-11-18 03:09:48 info: Total posts of blog pre-party are: 72402
2018-11-18 03:09:48 info: Total posts of blog travelingcolors are: 13572
2018-11-18 03:09:48 info: Total posts of blog staff are: 2333
2018-11-18 03:10:15 info: Total posts of blog hannahkemp are: 1951
2018-11-18 03:10:15 info: Total posts of blog househuntingscotland are: 406
2018-11-18 03:10:15 info: Total posts of blog beautiful-scotland are: 1678
2018-11-18 03:10:15 info: Total posts of blog 123ailsabrown are: 25358
2018-11-18 03:10:15 info: Total posts of blog aricenttech are: 446
2018-11-18 03:10:15 info: Total posts of blog eroshotelnewdelhi are: 412
2018-11-18 03:10:15 info: Total posts of blog iomfurkan are: 27
2018-11-18 03:10:15 info: Total posts of blog photographdelhi are: 721
2018-11-18 03:10:15 info: Total posts of blog delhibarcrawl are: 1566
2018-11-18 03:10:15 info: Total posts of blog oh-glasgow are: 2068
2018-11-18 03:10:15 info: Total posts of blog pre-party are: 72402
2018-11-18 03:10:15 info: Total posts of blog travelingcolors are: 13572
2018-11-18 03:10:15 info: Total posts of blog staff are: 2333
2018-11-18 03:11:09 info: Total posts of blog hannahkemp are: 1951
2018-11-18 03:11:09 info: Total posts of blog househuntingscotland are: 406
2018-11-18 03:11:09 info: Total posts of blog beautiful-scotland are: 1678
2018-11-18 03:11:09 info: Total posts of blog 123ailsabrown are: 25358
2018-11-18 03:11:09 info: Total posts of blog aricenttech are: 446
2018-11-18 03:11:09 info: Total posts of blog eroshotelnewdelhi are: 412
2018-11-18 03:11:09 info: Total posts of blog iomfurkan are: 27
2018-11-18 03:11:09 info: Total posts of blog photographdelhi are: 721
2018-11-18 03:11:09 info: Total posts of blog delhibarcrawl are: 1566
2018-11-18 03:11:09 info: Total posts of blog oh-glasgow are: 2068
2018-11-18 03:11:09 info: Total posts of blog pre-party are: 72402
2018-11-18 03:11:09 info: Total posts of blog travelingcolors are: 13572
2018-11-18 03:11:09 info: Total posts of blog staff are: 2333
2018-11-18 03:14:38 info: Total posts of blog hannahkemp are: 1951
2018-11-18 03:14:38 info: Total posts of blog househuntingscotland are: 406
2018-11-18 03:14:38 info: Total posts of blog beautiful-scotland are: 1678
2018-11-18 03:14:38 info: Total posts of blog 123ailsabrown are: 25358
2018-11-18 03:14:38 info: Total posts of blog aricenttech are: 446
2018-11-18 03:14:38 info: Total posts of blog eroshotelnewdelhi are: 412
2018-11-18 03:14:38 info: Total posts of blog iomfurkan are: 27
2018-11-18 03:14:38 info: Total posts of blog photographdelhi are: 721
2018-11-18 03:14:38 info: Total posts of blog delhibarcrawl are: 1566
2018-11-18 03:14:38 info: Total posts of blog oh-glasgow are: 2068
2018-11-18 03:14:38 info: Total posts of blog pre-party are: 72402
2018-11-18 03:14:38 info: Total posts of blog travelingcolors are: 13572
2018-11-18 03:14:38 info: Total posts of blog staff are: 2333
2018-11-18 03:45:25 info: Total posts of blog hannahkemp are: 1951
2018-11-18 03:45:25 info: Total posts of blog househuntingscotland are: 406
2018-11-18 03:45:25 info: Total posts of blog beautiful-scotland are: 1678
2018-11-18 03:45:25 info: Total posts of blog 123ailsabrown are: 25358
2018-11-18 03:45:25 info: Total posts of blog aricenttech are: 446
2018-11-18 03:45:25 info: Total posts of blog eroshotelnewdelhi are: 412
2018-11-18 03:45:25 info: Total posts of blog iomfurkan are: 27
2018-11-18 03:45:25 info: Total posts of blog photographdelhi are: 721
2018-11-18 03:45:25 info: Total posts of blog delhibarcrawl are: 1566
2018-11-18 03:45:25 info: Total posts of blog oh-glasgow are: 2068
2018-11-18 03:45:25 info: Total posts of blog pre-party are: 72402
2018-11-18 03:45:26 info: Total posts of blog travelingcolors are: 13572
2018-11-18 03:45:26 info: Total posts of blog staff are: 2333
2018-11-18 03:45:26 info: The number of link type posts for hannahkemp is: 3
2018-11-18 03:45:27 info: The number of link type posts for househuntingscotland is: 0
2018-11-18 03:45:28 info: The number of link type posts for beautiful-scotland is: 3
2018-11-18 03:45:28 info: The number of link type posts for 123ailsabrown is: 20
2018-11-18 03:45:29 info: The number of link type posts for aricenttech is: 20
2018-11-18 03:45:29 info: The number of link type posts for eroshotelnewdelhi is: 2
2018-11-18 03:45:30 info: The number of link type posts for iomfurkan is: 0
2018-11-18 03:45:31 info: The number of link type posts for photographdelhi is: 20
2018-11-18 03:45:31 info: The number of link type posts for delhibarcrawl is: 20
2018-11-18 03:45:32 info: The number of link type posts for oh-glasgow is: 20
2018-11-18 03:45:33 info: The number of link type posts for pre-party is: 1
2018-11-18 03:45:34 info: The number of link type posts for travelingcolors is: 18
2018-11-18 03:45:35 info: The number of link type posts for staff is: 20
2018-11-18 03:45:36 info: The number of text type posts for hannahkemp is: 5
2018-11-18 03:45:36 info: The number of text type posts for househuntingscotland is: 13
2018-11-18 03:45:38 info: The number of text type posts for beautiful-scotland is: 20
2018-11-18 03:45:39 info: The number of text type posts for 123ailsabrown is: 0
2018-11-18 03:45:40 info: The number of text type posts for aricenttech is: 1
2018-11-18 03:45:41 info: The number of text type posts for eroshotelnewdelhi is: 11
2018-11-18 03:45:41 info: The number of text type posts for iomfurkan is: 3
2018-11-18 03:45:42 info: The number of text type posts for photographdelhi is: 20
2018-11-18 03:45:43 info: The number of text type posts for delhibarcrawl is: 20
2018-11-18 03:45:44 info: The number of text type posts for oh-glasgow is: 20
2018-11-18 03:45:45 info: The number of text type posts for pre-party is: 20
2018-11-18 03:45:46 info: The number of text type posts for travelingcolors is: 20
2018-11-18 03:45:48 info: The number of text type posts for staff is: 20
2018-11-18 03:45:49 info: The number of photo type posts for hannahkemp is: 20
2018-11-18 03:45:50 info: The number of photo type posts for househuntingscotland is: 20
2018-11-18 03:45:51 info: The number of photo type posts for beautiful-scotland is: 20
2018-11-18 03:45:52 info: The number of photo type posts for 123ailsabrown is: 20
2018-11-18 03:45:52 info: The number of photo type posts for aricenttech is: 1
2018-11-18 03:45:53 info: The number of photo type posts for eroshotelnewdelhi is: 20
2018-11-18 03:45:53 info: The number of photo type posts for iomfurkan is: 20
2018-11-18 03:45:54 info: The number of photo type posts for photographdelhi is: 20
2018-11-18 03:45:55 info: The number of photo type posts for delhibarcrawl is: 20
2018-11-18 03:45:56 info: The number of photo type posts for oh-glasgow is: 20
2018-11-18 03:45:57 info: The number of photo type posts for pre-party is: 20
2018-11-18 03:45:58 info: The number of photo type posts for travelingcolors is: 20
2018-11-18 03:46:00 info: The number of photo type posts for staff is: 20
2018-11-18 03:52:26 info: Total posts of blog hannahkemp are: 1951
2018-11-18 03:52:26 info: Total posts of blog househuntingscotland are: 406
2018-11-18 03:52:26 info: Total posts of blog beautiful-scotland are: 1678
2018-11-18 03:52:26 info: Total posts of blog 123ailsabrown are: 25358
2018-11-18 03:52:26 info: Total posts of blog aricenttech are: 446
2018-11-18 03:52:26 info: Total posts of blog eroshotelnewdelhi are: 412
2018-11-18 03:52:26 info: Total posts of blog iomfurkan are: 27
2018-11-18 03:52:26 info: Total posts of blog photographdelhi are: 721
2018-11-18 03:52:26 info: Total posts of blog delhibarcrawl are: 1566
2018-11-18 03:52:26 info: Total posts of blog oh-glasgow are: 2068
2018-11-18 03:52:26 info: Total posts of blog pre-party are: 72402
2018-11-18 03:52:26 info: Total posts of blog travelingcolors are: 13572
2018-11-18 03:52:26 info: Total posts of blog staff are: 2333
2018-11-18 03:52:27 info: The number of link type posts for hannahkemp is: 3
2018-11-18 03:52:51 info: Total posts of blog hannahkemp are: 1951
2018-11-18 03:52:51 info: Total posts of blog househuntingscotland are: 406
2018-11-18 03:52:51 info: Total posts of blog beautiful-scotland are: 1678
2018-11-18 03:52:51 info: Total posts of blog 123ailsabrown are: 25358
2018-11-18 03:52:51 info: Total posts of blog aricenttech are: 446
2018-11-18 03:52:51 info: Total posts of blog eroshotelnewdelhi are: 412
2018-11-18 03:52:51 info: Total posts of blog iomfurkan are: 27
2018-11-18 03:52:51 info: Total posts of blog photographdelhi are: 721
2018-11-18 03:52:51 info: Total posts of blog delhibarcrawl are: 1566
2018-11-18 03:52:51 info: Total posts of blog oh-glasgow are: 2068
2018-11-18 03:52:51 info: Total posts of blog pre-party are: 72402
2018-11-18 03:52:51 info: Total posts of blog travelingcolors are: 13572
2018-11-18 03:52:51 info: Total posts of blog staff are: 2333
2018-11-18 03:52:52 info: The number of link type posts for hannahkemp is: 3
2018-11-18 03:52:52 info: The number of link type posts for househuntingscotland is: 0
2018-11-18 03:52:53 info: The number of link type posts for beautiful-scotland is: 3
2018-11-18 03:52:53 info: The number of link type posts for 123ailsabrown is: 20
2018-11-18 03:52:54 info: The number of link type posts for aricenttech is: 20
2018-11-18 03:52:54 info: The number of link type posts for eroshotelnewdelhi is: 2
2018-11-18 03:52:55 info: The number of link type posts for iomfurkan is: 0
2018-11-18 03:52:55 info: The number of link type posts for photographdelhi is: 20
2018-11-18 03:52:56 info: The number of link type posts for delhibarcrawl is: 20
2018-11-18 03:52:58 info: The number of link type posts for oh-glasgow is: 20
2018-11-18 03:52:59 info: The number of link type posts for pre-party is: 1
2018-11-18 03:52:59 info: The number of link type posts for travelingcolors is: 18
2018-11-18 03:53:00 info: The number of link type posts for staff is: 20
2018-11-18 03:53:01 info: The number of text type posts for hannahkemp is: 5
2018-11-18 03:53:01 info: The number of text type posts for househuntingscotland is: 13
2018-11-18 03:53:02 info: The number of text type posts for beautiful-scotland is: 20
2018-11-18 03:53:02 info: The number of text type posts for 123ailsabrown is: 0
2018-11-18 03:53:03 info: The number of text type posts for aricenttech is: 1
2018-11-18 03:53:04 info: The number of text type posts for eroshotelnewdelhi is: 11
2018-11-18 03:53:04 info: The number of text type posts for iomfurkan is: 3
2018-11-18 03:53:05 info: The number of text type posts for photographdelhi is: 20
2018-11-18 03:53:06 info: The number of text type posts for delhibarcrawl is: 20
2018-11-18 03:53:07 info: The number of text type posts for oh-glasgow is: 20
2018-11-18 03:53:08 info: The number of text type posts for pre-party is: 20
2018-11-18 03:53:09 info: The number of text type posts for travelingcolors is: 20
2018-11-18 03:53:10 info: The number of text type posts for staff is: 20
2018-11-18 03:53:11 info: The number of photo type posts for hannahkemp is: 20
2018-11-18 03:53:12 info: The number of photo type posts for househuntingscotland is: 20
2018-11-18 03:53:12 info: The number of photo type posts for beautiful-scotland is: 20
2018-11-18 03:53:13 info: The number of photo type posts for 123ailsabrown is: 20
2018-11-18 03:53:13 info: The number of photo type posts for aricenttech is: 1
2018-11-18 03:53:14 info: The number of photo type posts for eroshotelnewdelhi is: 20
2018-11-18 03:53:15 info: The number of photo type posts for iomfurkan is: 20
2018-11-18 03:53:15 info: The number of photo type posts for photographdelhi is: 20
2018-11-18 03:53:16 info: The number of photo type posts for delhibarcrawl is: 20
2018-11-18 03:53:18 info: The number of photo type posts for oh-glasgow is: 20
2018-11-18 03:53:18 info: The number of photo type posts for pre-party is: 20
2018-11-18 03:53:19 info: The number of photo type posts for travelingcolors is: 20
2018-11-18 03:53:20 info: The number of photo type posts for staff is: 20
2018-11-18 03:56:11 info: Total posts of blog hannahkemp are: 1951
2018-11-18 03:56:11 info: Total posts of blog househuntingscotland are: 406
2018-11-18 03:56:11 info: Total posts of blog beautiful-scotland are: 1678
2018-11-18 03:56:11 info: Total posts of blog 123ailsabrown are: 25358
2018-11-18 03:56:11 info: Total posts of blog aricenttech are: 446
2018-11-18 03:56:11 info: Total posts of blog eroshotelnewdelhi are: 412
2018-11-18 03:56:11 info: Total posts of blog iomfurkan are: 27
2018-11-18 03:56:11 info: Total posts of blog photographdelhi are: 721
2018-11-18 03:56:11 info: Total posts of blog delhibarcrawl are: 1566
2018-11-18 03:56:11 info: Total posts of blog oh-glasgow are: 2068
2018-11-18 03:56:11 info: Total posts of blog pre-party are: 72402
2018-11-18 03:56:11 info: Total posts of blog travelingcolors are: 13572
2018-11-18 03:56:11 info: Total posts of blog staff are: 2333
2018-11-18 03:56:12 info: The number of link type posts for hannahkemp is: 3
2018-11-18 03:56:12 info: The number of link type posts for househuntingscotland is: 0
2018-11-18 03:56:13 info: The number of link type posts for beautiful-scotland is: 3
2018-11-18 03:56:13 info: The number of link type posts for 123ailsabrown is: 20
2018-11-18 03:56:14 info: The number of link type posts for aricenttech is: 20
2018-11-18 03:56:14 info: The number of link type posts for eroshotelnewdelhi is: 2
2018-11-18 03:56:15 info: The number of link type posts for iomfurkan is: 0
2018-11-18 03:56:16 info: The number of link type posts for photographdelhi is: 20
2018-11-18 03:56:17 info: Total posts of blog hannahkemp are: 1951
2018-11-18 03:56:17 info: Total posts of blog househuntingscotland are: 406
2018-11-18 03:56:17 info: Total posts of blog beautiful-scotland are: 1678
2018-11-18 03:56:17 info: Total posts of blog 123ailsabrown are: 25358
2018-11-18 03:56:17 info: Total posts of blog aricenttech are: 446
2018-11-18 03:56:17 info: Total posts of blog eroshotelnewdelhi are: 412
2018-11-18 03:56:17 info: Total posts of blog iomfurkan are: 27
2018-11-18 03:56:17 info: Total posts of blog photographdelhi are: 721
2018-11-18 03:56:17 info: Total posts of blog delhibarcrawl are: 1566
2018-11-18 03:56:17 info: Total posts of blog oh-glasgow are: 2068
2018-11-18 03:56:17 info: Total posts of blog pre-party are: 72402
2018-11-18 03:56:17 info: Total posts of blog travelingcolors are: 13572
2018-11-18 03:56:17 info: Total posts of blog staff are: 2333
2018-11-18 03:56:18 info: The number of link type posts for hannahkemp is: 3
2018-11-18 03:56:19 info: The number of link type posts for househuntingscotland is: 0
2018-11-18 03:56:19 info: The number of link type posts for beautiful-scotland is: 3
2018-11-18 03:56:20 info: The number of link type posts for 123ailsabrown is: 20
2018-11-18 03:56:20 info: The number of link type posts for aricenttech is: 20
2018-11-18 03:56:21 info: The number of link type posts for eroshotelnewdelhi is: 2
2018-11-18 03:56:21 info: The number of link type posts for iomfurkan is: 0
2018-11-18 03:56:22 info: The number of link type posts for photographdelhi is: 20
2018-11-18 03:56:22 info: The number of link type posts for delhibarcrawl is: 20
2018-11-18 03:56:23 info: The number of link type posts for oh-glasgow is: 20
2018-11-18 03:56:24 info: The number of link type posts for pre-party is: 1
2018-11-18 03:56:25 info: The number of link type posts for travelingcolors is: 18
2018-11-18 03:56:26 info: The number of link type posts for staff is: 20
2018-11-18 03:56:26 info: The number of text type posts for hannahkemp is: 5
2018-11-18 03:56:27 info: The number of text type posts for househuntingscotland is: 13
2018-11-18 03:56:28 info: The number of text type posts for beautiful-scotland is: 20
2018-11-18 03:56:28 info: The number of text type posts for 123ailsabrown is: 0
2018-11-18 03:56:29 info: The number of text type posts for aricenttech is: 1
2018-11-18 03:56:30 info: The number of text type posts for eroshotelnewdelhi is: 11
2018-11-18 03:56:30 info: The number of text type posts for iomfurkan is: 3
2018-11-18 03:56:31 info: The number of text type posts for photographdelhi is: 20
2018-11-18 03:56:32 info: The number of text type posts for delhibarcrawl is: 20
2018-11-18 03:56:33 info: The number of text type posts for oh-glasgow is: 20
2018-11-18 03:56:34 info: The number of text type posts for pre-party is: 20
2018-11-18 03:56:34 info: The number of text type posts for travelingcolors is: 20
2018-11-18 03:56:35 info: The number of text type posts for staff is: 20
2018-11-18 03:56:36 info: The number of photo type posts for hannahkemp is: 20
2018-11-18 03:56:37 info: The number of photo type posts for househuntingscotland is: 20
2018-11-18 03:56:38 info: The number of photo type posts for beautiful-scotland is: 20
2018-11-18 03:56:39 info: The number of photo type posts for 123ailsabrown is: 20
2018-11-18 03:56:39 info: The number of photo type posts for aricenttech is: 1
2018-11-18 03:56:40 info: The number of photo type posts for eroshotelnewdelhi is: 20
2018-11-18 03:56:41 info: The number of photo type posts for iomfurkan is: 20
2018-11-18 03:56:41 info: The number of photo type posts for photographdelhi is: 20
2018-11-18 03:56:42 info: The number of photo type posts for delhibarcrawl is: 20
2018-11-18 03:56:43 info: The number of photo type posts for oh-glasgow is: 20
2018-11-18 03:56:44 info: The number of photo type posts for pre-party is: 20
2018-11-18 03:56:44 info: The number of photo type posts for travelingcolors is: 20
2018-11-18 03:56:45 info: The number of photo type posts for staff is: 20
2018-11-18 03:57:18 info: Total posts of blog hannahkemp are: 1951
2018-11-18 03:57:18 info: Total posts of blog househuntingscotland are: 406
2018-11-18 03:57:18 info: Total posts of blog beautiful-scotland are: 1678
2018-11-18 03:57:18 info: Total posts of blog 123ailsabrown are: 25358
2018-11-18 03:57:18 info: Total posts of blog aricenttech are: 446
2018-11-18 03:57:18 info: Total posts of blog eroshotelnewdelhi are: 412
2018-11-18 03:57:18 info: Total posts of blog iomfurkan are: 27
2018-11-18 03:57:18 info: Total posts of blog photographdelhi are: 721
2018-11-18 03:57:18 info: Total posts of blog delhibarcrawl are: 1566
2018-11-18 03:57:18 info: Total posts of blog oh-glasgow are: 2068
2018-11-18 03:57:18 info: Total posts of blog pre-party are: 72402
2018-11-18 03:57:18 info: Total posts of blog travelingcolors are: 13572
2018-11-18 03:57:18 info: Total posts of blog staff are: 2333
2018-11-18 03:57:19 info: The number of link type posts for hannahkemp is: 3
2018-11-18 03:57:19 info: The number of link type posts for househuntingscotland is: 0
2018-11-18 03:57:20 info: The number of link type posts for beautiful-scotland is: 3
2018-11-18 03:57:21 info: The number of link type posts for 123ailsabrown is: 20
2018-11-18 03:57:21 info: The number of link type posts for aricenttech is: 20
2018-11-18 03:57:22 info: The number of link type posts for eroshotelnewdelhi is: 2
2018-11-18 03:57:22 info: The number of link type posts for iomfurkan is: 0
2018-11-18 03:57:23 info: The number of link type posts for photographdelhi is: 20
2018-11-18 03:57:23 info: The number of link type posts for delhibarcrawl is: 20
2018-11-18 03:57:24 info: The number of link type posts for oh-glasgow is: 20
2018-11-18 03:57:25 info: The number of link type posts for pre-party is: 1
2018-11-18 03:57:26 info: The number of link type posts for travelingcolors is: 18
2018-11-18 03:57:27 info: The number of link type posts for staff is: 20
2018-11-18 03:57:27 info: The number of text type posts for hannahkemp is: 5
2018-11-18 03:57:28 info: The number of text type posts for househuntingscotland is: 13
2018-11-18 03:57:29 info: The number of text type posts for beautiful-scotland is: 20
2018-11-18 03:57:29 info: The number of text type posts for 123ailsabrown is: 0
2018-11-18 03:57:30 info: The number of text type posts for aricenttech is: 1
2018-11-18 03:57:31 info: The number of text type posts for eroshotelnewdelhi is: 11
2018-11-18 03:57:31 info: The number of text type posts for iomfurkan is: 3
2018-11-18 03:57:32 info: The number of text type posts for photographdelhi is: 20
2018-11-18 03:57:32 info: The number of text type posts for delhibarcrawl is: 20
2018-11-18 03:57:33 info: The number of text type posts for oh-glasgow is: 20
2018-11-18 03:57:34 info: The number of text type posts for pre-party is: 20
2018-11-18 03:57:35 info: The number of text type posts for travelingcolors is: 20
2018-11-18 03:57:36 info: The number of text type posts for staff is: 20
2018-11-18 03:57:37 info: The number of photo type posts for hannahkemp is: 20
2018-11-18 03:57:38 info: The number of photo type posts for househuntingscotland is: 20
2018-11-18 03:57:40 info: The number of photo type posts for beautiful-scotland is: 20
2018-11-18 03:57:40 info: The number of photo type posts for 123ailsabrown is: 20
2018-11-18 03:57:41 info: The number of photo type posts for aricenttech is: 1
2018-11-18 03:57:42 info: The number of photo type posts for eroshotelnewdelhi is: 20
2018-11-18 03:57:42 info: The number of photo type posts for iomfurkan is: 20
2018-11-18 03:57:43 info: The number of photo type posts for photographdelhi is: 20
2018-11-18 03:57:44 info: The number of photo type posts for delhibarcrawl is: 20
2018-11-18 03:57:45 info: The number of photo type posts for oh-glasgow is: 20
2018-11-18 03:57:46 info: The number of photo type posts for pre-party is: 20
2018-11-18 03:57:46 info: The number of photo type posts for travelingcolors is: 20
2018-11-18 03:57:48 info: The number of photo type posts for staff is: 20
2018-11-18 03:59:27 info: Total posts of blog hannahkemp are: 1951
2018-11-18 03:59:27 info: Total posts of blog househuntingscotland are: 406
2018-11-18 03:59:27 info: Total posts of blog beautiful-scotland are: 1678
2018-11-18 03:59:27 info: Total posts of blog 123ailsabrown are: 25358
2018-11-18 03:59:27 info: Total posts of blog aricenttech are: 446
2018-11-18 03:59:27 info: Total posts of blog eroshotelnewdelhi are: 412
2018-11-18 03:59:27 info: Total posts of blog iomfurkan are: 27
2018-11-18 03:59:27 info: Total posts of blog photographdelhi are: 721
2018-11-18 03:59:27 info: Total posts of blog delhibarcrawl are: 1566
2018-11-18 03:59:27 info: Total posts of blog oh-glasgow are: 2068
2018-11-18 03:59:27 info: Total posts of blog pre-party are: 72402
2018-11-18 03:59:27 info: Total posts of blog travelingcolors are: 13572
2018-11-18 03:59:27 info: Total posts of blog staff are: 2333
2018-11-18 03:59:28 info: The number of link type posts for hannahkemp is: 3
2018-11-18 03:59:29 info: The number of link type posts for househuntingscotland is: 0
2018-11-18 03:59:29 info: The number of link type posts for beautiful-scotland is: 3
2018-11-18 03:59:30 info: The number of link type posts for 123ailsabrown is: 20
2018-11-18 03:59:30 info: The number of link type posts for aricenttech is: 20
2018-11-18 03:59:31 info: The number of link type posts for eroshotelnewdelhi is: 2
2018-11-18 03:59:31 info: The number of link type posts for iomfurkan is: 0
2018-11-18 03:59:32 info: The number of link type posts for photographdelhi is: 20
2018-11-18 03:59:33 info: The number of link type posts for delhibarcrawl is: 20
2018-11-18 03:59:34 info: The number of link type posts for oh-glasgow is: 20
2018-11-18 03:59:34 info: The number of link type posts for pre-party is: 1
2018-11-18 03:59:35 info: The number of link type posts for travelingcolors is: 18
2018-11-18 03:59:36 info: The number of link type posts for staff is: 20
2018-11-18 03:59:36 info: The number of text type posts for hannahkemp is: 5
2018-11-18 03:59:37 info: The number of text type posts for househuntingscotland is: 13
2018-11-18 03:59:38 info: The number of text type posts for beautiful-scotland is: 20
2018-11-18 03:59:39 info: The number of text type posts for 123ailsabrown is: 0
2018-11-18 03:59:39 info: The number of text type posts for aricenttech is: 1
2018-11-18 03:59:40 info: The number of text type posts for eroshotelnewdelhi is: 11
2018-11-18 03:59:40 info: The number of text type posts for iomfurkan is: 3
2018-11-18 03:59:41 info: The number of text type posts for photographdelhi is: 20
2018-11-18 03:59:42 info: The number of text type posts for delhibarcrawl is: 20
2018-11-18 03:59:43 info: The number of text type posts for oh-glasgow is: 20
2018-11-18 03:59:44 info: The number of text type posts for pre-party is: 20
2018-11-18 03:59:45 info: The number of text type posts for travelingcolors is: 20
2018-11-18 03:59:46 info: The number of text type posts for staff is: 20
2018-11-18 03:59:46 info: The number of photo type posts for hannahkemp is: 20
2018-11-18 03:59:48 info: The number of photo type posts for househuntingscotland is: 20
2018-11-18 03:59:48 info: The number of photo type posts for beautiful-scotland is: 20
2018-11-18 03:59:49 info: The number of photo type posts for 123ailsabrown is: 20
2018-11-18 03:59:50 info: The number of photo type posts for aricenttech is: 1
2018-11-18 03:59:50 info: The number of photo type posts for eroshotelnewdelhi is: 20
2018-11-18 03:59:51 info: The number of photo type posts for iomfurkan is: 20
2018-11-18 03:59:52 info: The number of photo type posts for photographdelhi is: 20
2018-11-18 03:59:52 info: The number of photo type posts for delhibarcrawl is: 20
2018-11-18 03:59:53 info: The number of photo type posts for oh-glasgow is: 20
2018-11-18 03:59:54 info: The number of photo type posts for pre-party is: 20
2018-11-18 03:59:55 info: The number of photo type posts for travelingcolors is: 20
2018-11-18 03:59:56 info: The number of photo type posts for staff is: 20
2018-11-18 04:00:39 info: Total posts of blog hannahkemp are: 1951
2018-11-18 04:00:39 info: Total posts of blog househuntingscotland are: 406
2018-11-18 04:00:39 info: Total posts of blog beautiful-scotland are: 1678
2018-11-18 04:00:39 info: Total posts of blog 123ailsabrown are: 25358
2018-11-18 04:00:39 info: Total posts of blog aricenttech are: 446
2018-11-18 04:00:39 info: Total posts of blog eroshotelnewdelhi are: 412
2018-11-18 04:00:39 info: Total posts of blog iomfurkan are: 27
2018-11-18 04:00:39 info: Total posts of blog photographdelhi are: 721
2018-11-18 04:00:39 info: Total posts of blog delhibarcrawl are: 1566
2018-11-18 04:00:39 info: Total posts of blog oh-glasgow are: 2068
2018-11-18 04:00:39 info: Total posts of blog pre-party are: 72402
2018-11-18 04:00:39 info: Total posts of blog travelingcolors are: 13572
2018-11-18 04:00:39 info: Total posts of blog staff are: 2333
2018-11-18 04:00:40 info: The number of link type posts for hannahkemp is: 3
2018-11-18 04:00:41 info: The number of link type posts for househuntingscotland is: 0
2018-11-18 04:00:41 info: The number of link type posts for beautiful-scotland is: 3
2018-11-18 04:00:42 info: The number of link type posts for 123ailsabrown is: 20
2018-11-18 04:00:42 info: The number of link type posts for aricenttech is: 20
2018-11-18 04:00:43 info: The number of link type posts for eroshotelnewdelhi is: 2
2018-11-18 04:00:43 info: The number of link type posts for iomfurkan is: 0
2018-11-18 04:00:44 info: The number of link type posts for photographdelhi is: 20
2018-11-18 04:00:44 info: The number of link type posts for delhibarcrawl is: 20
2018-11-18 04:00:45 info: The number of link type posts for oh-glasgow is: 20
2018-11-18 04:00:46 info: The number of link type posts for pre-party is: 1
2018-11-18 04:00:47 info: The number of link type posts for travelingcolors is: 18
2018-11-18 04:00:48 info: The number of link type posts for staff is: 20
2018-11-18 04:00:49 info: The number of text type posts for hannahkemp is: 5
2018-11-18 04:00:49 info: The number of text type posts for househuntingscotland is: 13
2018-11-18 04:00:50 info: The number of text type posts for beautiful-scotland is: 20
2018-11-18 04:00:50 info: The number of text type posts for 123ailsabrown is: 0
2018-11-18 04:00:51 info: The number of text type posts for aricenttech is: 1
2018-11-18 04:00:52 info: The number of text type posts for eroshotelnewdelhi is: 11
2018-11-18 04:00:52 info: The number of text type posts for iomfurkan is: 3
2018-11-18 04:00:53 info: The number of text type posts for photographdelhi is: 20
2018-11-18 04:00:53 info: The number of text type posts for delhibarcrawl is: 20
2018-11-18 04:00:54 info: The number of text type posts for oh-glasgow is: 20
2018-11-18 04:00:55 info: The number of text type posts for pre-party is: 20
2018-11-18 04:00:56 info: The number of text type posts for travelingcolors is: 20
2018-11-18 04:01:00 info: The number of text type posts for staff is: 20
2018-11-18 04:01:00 info: The number of photo type posts for hannahkemp is: 20
2018-11-18 04:01:01 info: The number of photo type posts for househuntingscotland is: 20
2018-11-18 04:01:02 info: The number of photo type posts for beautiful-scotland is: 20
2018-11-18 04:01:03 info: The number of photo type posts for 123ailsabrown is: 20
2018-11-18 04:01:03 info: The number of photo type posts for aricenttech is: 1
2018-11-18 04:01:04 info: The number of photo type posts for eroshotelnewdelhi is: 20
2018-11-18 04:01:05 info: The number of photo type posts for iomfurkan is: 20
2018-11-18 04:01:05 info: The number of photo type posts for photographdelhi is: 20
2018-11-18 04:01:06 info: The number of photo type posts for delhibarcrawl is: 20
2018-11-18 04:01:08 info: The number of photo type posts for oh-glasgow is: 20
2018-11-18 04:01:08 info: The number of photo type posts for pre-party is: 20
2018-11-18 04:01:09 info: The number of photo type posts for travelingcolors is: 20
2018-11-18 04:01:10 info: The number of photo type posts for staff is: 20
2018-11-18 04:02:35 info: Total posts of blog hannahkemp are: 1951
2018-11-18 04:02:35 info: Total posts of blog househuntingscotland are: 406
2018-11-18 04:02:35 info: Total posts of blog beautiful-scotland are: 1678
2018-11-18 04:02:35 info: Total posts of blog 123ailsabrown are: 25358
2018-11-18 04:02:35 info: Total posts of blog aricenttech are: 446
2018-11-18 04:02:35 info: Total posts of blog eroshotelnewdelhi are: 412
2018-11-18 04:02:35 info: Total posts of blog iomfurkan are: 27
2018-11-18 04:02:35 info: Total posts of blog photographdelhi are: 721
2018-11-18 04:02:35 info: Total posts of blog delhibarcrawl are: 1566
2018-11-18 04:02:35 info: Total posts of blog oh-glasgow are: 2068
2018-11-18 04:02:35 info: Total posts of blog pre-party are: 72402
2018-11-18 04:02:35 info: Total posts of blog travelingcolors are: 13572
2018-11-18 04:02:35 info: Total posts of blog staff are: 2333
2018-11-18 04:02:36 info: The number of link type posts for hannahkemp is: 3
2018-11-18 04:02:37 info: The number of link type posts for househuntingscotland is: 0
2018-11-18 04:02:37 info: The number of link type posts for beautiful-scotland is: 3
2018-11-18 04:02:38 info: The number of link type posts for 123ailsabrown is: 20
2018-11-18 04:02:39 info: The number of link type posts for aricenttech is: 20
2018-11-18 04:02:39 info: The number of link type posts for eroshotelnewdelhi is: 2
2018-11-18 04:02:40 info: The number of link type posts for iomfurkan is: 0
2018-11-18 04:02:41 info: The number of link type posts for photographdelhi is: 20
2018-11-18 04:02:41 info: The number of link type posts for delhibarcrawl is: 20
2018-11-18 04:02:42 info: The number of link type posts for oh-glasgow is: 20
2018-11-18 04:02:43 info: The number of link type posts for pre-party is: 1
2018-11-18 04:02:44 info: The number of link type posts for travelingcolors is: 18
2018-11-18 04:02:45 info: The number of link type posts for staff is: 20
2018-11-18 04:02:45 info: The number of text type posts for hannahkemp is: 5
2018-11-18 04:02:46 info: The number of text type posts for househuntingscotland is: 13
2018-11-18 04:02:46 info: The number of text type posts for beautiful-scotland is: 20
2018-11-18 04:02:47 info: The number of text type posts for 123ailsabrown is: 0
2018-11-18 04:02:47 info: The number of text type posts for aricenttech is: 1
2018-11-18 04:02:48 info: The number of text type posts for eroshotelnewdelhi is: 11
2018-11-18 04:02:49 info: The number of text type posts for iomfurkan is: 3
2018-11-18 04:02:49 info: The number of text type posts for photographdelhi is: 20
2018-11-18 04:02:50 info: The number of text type posts for delhibarcrawl is: 20
2018-11-18 04:02:51 info: The number of text type posts for oh-glasgow is: 20
2018-11-18 04:02:52 info: The number of text type posts for pre-party is: 20
2018-11-18 04:02:53 info: The number of text type posts for travelingcolors is: 20
2018-11-18 04:02:54 info: The number of text type posts for staff is: 20
2018-11-18 04:02:54 info: The number of photo type posts for hannahkemp is: 20
2018-11-18 04:02:55 info: The number of photo type posts for househuntingscotland is: 20
2018-11-18 04:02:56 info: The number of photo type posts for beautiful-scotland is: 20
2018-11-18 04:02:57 info: The number of photo type posts for 123ailsabrown is: 20
2018-11-18 04:02:58 info: The number of photo type posts for aricenttech is: 1
2018-11-18 04:02:59 info: The number of photo type posts for eroshotelnewdelhi is: 20
2018-11-18 04:02:59 info: The number of photo type posts for iomfurkan is: 20
2018-11-18 04:03:00 info: The number of photo type posts for photographdelhi is: 20
2018-11-18 04:03:01 info: The number of photo type posts for delhibarcrawl is: 20
2018-11-18 04:03:02 info: The number of photo type posts for oh-glasgow is: 20
2018-11-18 04:03:02 info: The number of photo type posts for pre-party is: 20
2018-11-18 04:03:03 info: The number of photo type posts for travelingcolors is: 20
2018-11-18 04:03:04 info: The number of photo type posts for staff is: 20
2018-11-18 04:03:47 info: Total posts of blog hannahkemp are: 1951
2018-11-18 04:03:47 info: Total posts of blog househuntingscotland are: 406
2018-11-18 04:03:47 info: Total posts of blog beautiful-scotland are: 1678
2018-11-18 04:03:47 info: Total posts of blog 123ailsabrown are: 25358
2018-11-18 04:03:47 info: Total posts of blog aricenttech are: 446
2018-11-18 04:03:47 info: Total posts of blog eroshotelnewdelhi are: 412
2018-11-18 04:03:47 info: Total posts of blog iomfurkan are: 27
2018-11-18 04:03:47 info: Total posts of blog photographdelhi are: 721
2018-11-18 04:03:47 info: Total posts of blog delhibarcrawl are: 1566
2018-11-18 04:03:47 info: Total posts of blog oh-glasgow are: 2068
2018-11-18 04:03:47 info: Total posts of blog pre-party are: 72402
2018-11-18 04:03:47 info: Total posts of blog travelingcolors are: 13572
2018-11-18 04:03:47 info: Total posts of blog staff are: 2333
2018-11-18 04:03:49 info: The number of link type posts for hannahkemp is: 3
2018-11-18 04:03:49 info: The number of link type posts for househuntingscotland is: 0
2018-11-18 04:03:50 info: The number of link type posts for beautiful-scotland is: 3
2018-11-18 04:03:50 info: The number of link type posts for 123ailsabrown is: 20
2018-11-18 04:03:51 info: The number of link type posts for aricenttech is: 20
2018-11-18 04:03:51 info: The number of link type posts for eroshotelnewdelhi is: 2
2018-11-18 04:03:52 info: The number of link type posts for iomfurkan is: 0
2018-11-18 04:03:52 info: The number of link type posts for photographdelhi is: 20
2018-11-18 04:03:53 info: The number of link type posts for delhibarcrawl is: 20
2018-11-18 04:03:54 info: The number of link type posts for oh-glasgow is: 20
2018-11-18 04:03:55 info: The number of link type posts for pre-party is: 1
2018-11-18 04:03:55 info: The number of link type posts for travelingcolors is: 18
2018-11-18 04:03:56 info: The number of link type posts for staff is: 20
2018-11-18 04:03:57 info: The number of text type posts for hannahkemp is: 5
2018-11-18 04:03:57 info: The number of text type posts for househuntingscotland is: 13
2018-11-18 04:03:58 info: The number of text type posts for beautiful-scotland is: 20
2018-11-18 04:03:59 info: The number of text type posts for 123ailsabrown is: 0
2018-11-18 04:03:59 info: The number of text type posts for aricenttech is: 1
2018-11-18 04:04:00 info: The number of text type posts for eroshotelnewdelhi is: 11
2018-11-18 04:04:01 info: The number of text type posts for iomfurkan is: 3
2018-11-18 04:04:01 info: The number of text type posts for photographdelhi is: 20
2018-11-18 04:04:02 info: The number of text type posts for delhibarcrawl is: 20
2018-11-18 04:04:03 info: The number of text type posts for oh-glasgow is: 20
2018-11-18 04:04:04 info: The number of text type posts for pre-party is: 20
2018-11-18 04:04:05 info: The number of text type posts for travelingcolors is: 20
2018-11-18 04:04:06 info: The number of text type posts for staff is: 20
2018-11-18 04:04:07 info: The number of photo type posts for hannahkemp is: 20
2018-11-18 04:04:08 info: The number of photo type posts for househuntingscotland is: 20
2018-11-18 04:04:09 info: The number of photo type posts for beautiful-scotland is: 20
2018-11-18 04:04:09 info: The number of photo type posts for 123ailsabrown is: 20
2018-11-18 04:04:10 info: The number of photo type posts for aricenttech is: 1
2018-11-18 04:04:10 info: The number of photo type posts for eroshotelnewdelhi is: 20
2018-11-18 04:04:11 info: The number of photo type posts for iomfurkan is: 20
2018-11-18 04:04:12 info: The number of photo type posts for photographdelhi is: 20
2018-11-18 04:04:13 info: The number of photo type posts for delhibarcrawl is: 20
2018-11-18 04:04:13 info: The number of photo type posts for oh-glasgow is: 20
2018-11-18 04:04:14 info: The number of photo type posts for pre-party is: 20
2018-11-18 04:04:15 info: The number of photo type posts for travelingcolors is: 20
2018-11-18 04:04:16 info: The number of photo type posts for staff is: 20
2018-11-18 04:20:45 info: Total posts of blog hannahkemp are: 1951
2018-11-18 04:20:46 info: Total posts of blog househuntingscotland are: 406
2018-11-18 04:20:46 info: Total posts of blog beautiful-scotland are: 1678
2018-11-18 04:20:46 info: Total posts of blog 123ailsabrown are: 25358
2018-11-18 04:20:46 info: Total posts of blog aricenttech are: 446
2018-11-18 04:20:46 info: Total posts of blog eroshotelnewdelhi are: 412
2018-11-18 04:20:46 info: Total posts of blog iomfurkan are: 27
2018-11-18 04:20:46 info: Total posts of blog photographdelhi are: 721
2018-11-18 04:20:46 info: Total posts of blog delhibarcrawl are: 1566
2018-11-18 04:20:46 info: Total posts of blog oh-glasgow are: 2068
2018-11-18 04:20:46 info: Total posts of blog pre-party are: 72402
2018-11-18 04:20:46 info: Total posts of blog travelingcolors are: 13572
2018-11-18 04:20:46 info: Total posts of blog staff are: 2333
2018-11-18 04:20:47 info: The number of link type posts for hannahkemp is: 3
2018-11-18 04:20:47 info: The number of link type posts for househuntingscotland is: 0
2018-11-18 04:20:48 info: The number of link type posts for beautiful-scotland is: 3
2018-11-18 04:20:48 info: The number of link type posts for 123ailsabrown is: 20
2018-11-18 04:20:49 info: The number of link type posts for aricenttech is: 20
2018-11-18 04:20:49 info: The number of link type posts for eroshotelnewdelhi is: 2
2018-11-18 04:20:50 info: The number of link type posts for iomfurkan is: 0
2018-11-18 04:20:50 info: The number of link type posts for photographdelhi is: 20
2018-11-18 04:20:51 info: The number of link type posts for delhibarcrawl is: 20
2018-11-18 04:20:52 info: The number of link type posts for oh-glasgow is: 20
2018-11-18 04:20:52 info: The number of link type posts for pre-party is: 1
2018-11-18 04:20:53 info: The number of link type posts for travelingcolors is: 18
2018-11-18 04:20:54 info: The number of link type posts for staff is: 20
2018-11-18 04:20:55 info: The number of text type posts for hannahkemp is: 5
2018-11-18 04:20:55 info: The number of text type posts for househuntingscotland is: 13
2018-11-18 04:20:56 info: The number of text type posts for beautiful-scotland is: 20
2018-11-18 04:20:57 info: The number of text type posts for 123ailsabrown is: 0
2018-11-18 04:20:58 info: The number of text type posts for aricenttech is: 1
2018-11-18 04:20:58 info: The number of text type posts for eroshotelnewdelhi is: 11
2018-11-18 04:20:59 info: The number of text type posts for iomfurkan is: 3
2018-11-18 04:21:00 info: The number of text type posts for photographdelhi is: 20
2018-11-18 04:21:02 info: The number of text type posts for delhibarcrawl is: 20
2018-11-18 04:21:03 info: The number of text type posts for oh-glasgow is: 20
2018-11-18 04:21:04 info: The number of text type posts for pre-party is: 20
2018-11-18 04:21:05 info: The number of text type posts for travelingcolors is: 20
2018-11-18 04:21:06 info: The number of text type posts for staff is: 20
2018-11-18 04:21:07 info: The number of photo type posts for hannahkemp is: 20
2018-11-18 04:21:08 info: The number of photo type posts for househuntingscotland is: 20
2018-11-18 04:21:09 info: The number of photo type posts for beautiful-scotland is: 20
2018-11-18 04:21:10 info: The number of photo type posts for 123ailsabrown is: 20
2018-11-18 04:21:10 info: The number of photo type posts for aricenttech is: 1
2018-11-18 04:21:11 info: The number of photo type posts for eroshotelnewdelhi is: 20
2018-11-18 04:21:12 info: The number of photo type posts for iomfurkan is: 20
2018-11-18 04:21:12 info: The number of photo type posts for photographdelhi is: 20
2018-11-18 04:21:13 info: The number of photo type posts for delhibarcrawl is: 20
2018-11-18 04:21:14 info: The number of photo type posts for oh-glasgow is: 20
2018-11-18 04:21:15 info: The number of photo type posts for pre-party is: 20
2018-11-18 04:21:15 info: The number of photo type posts for travelingcolors is: 20
2018-11-18 04:21:16 info: The number of photo type posts for staff is: 20
2018-11-18 04:26:18 info: Total posts of blog hannahkemp are: 1951
2018-11-18 04:26:18 info: Total posts of blog househuntingscotland are: 406
2018-11-18 04:26:18 info: Total posts of blog beautiful-scotland are: 1678
2018-11-18 04:26:18 info: Total posts of blog 123ailsabrown are: 25358
2018-11-18 04:26:18 info: Total posts of blog aricenttech are: 446
2018-11-18 04:26:18 info: Total posts of blog eroshotelnewdelhi are: 412
2018-11-18 04:26:18 info: Total posts of blog iomfurkan are: 27
2018-11-18 04:26:18 info: Total posts of blog photographdelhi are: 721
2018-11-18 04:26:18 info: Total posts of blog delhibarcrawl are: 1566
2018-11-18 04:26:18 info: Total posts of blog oh-glasgow are: 2068
2018-11-18 04:26:18 info: Total posts of blog pre-party are: 72402
2018-11-18 04:26:18 info: Total posts of blog travelingcolors are: 13572
2018-11-18 04:26:18 info: Total posts of blog staff are: 2333
2018-11-18 04:26:19 info: The number of link type posts for hannahkemp is: 3
2018-11-18 04:26:19 info: The number of link type posts for househuntingscotland is: 0
2018-11-18 04:26:20 info: The number of link type posts for beautiful-scotland is: 3
2018-11-18 04:26:20 info: The number of link type posts for 123ailsabrown is: 20
2018-11-18 04:26:21 info: The number of link type posts for aricenttech is: 20
2018-11-18 04:26:21 info: The number of link type posts for eroshotelnewdelhi is: 2
2018-11-18 04:26:22 info: The number of link type posts for iomfurkan is: 0
2018-11-18 04:26:22 info: The number of link type posts for photographdelhi is: 20
2018-11-18 04:26:23 info: The number of link type posts for delhibarcrawl is: 20
2018-11-18 04:26:24 info: The number of link type posts for oh-glasgow is: 20
2018-11-18 04:26:25 info: The number of link type posts for pre-party is: 1
2018-11-18 04:26:25 info: The number of link type posts for travelingcolors is: 18
2018-11-18 04:26:26 info: The number of link type posts for staff is: 20
2018-11-18 04:26:27 info: The number of text type posts for hannahkemp is: 5
2018-11-18 04:26:28 info: The number of text type posts for househuntingscotland is: 13
2018-11-18 04:26:29 info: The number of text type posts for beautiful-scotland is: 20
2018-11-18 04:26:29 info: The number of text type posts for 123ailsabrown is: 0
2018-11-18 04:26:29 info: The number of text type posts for aricenttech is: 1
2018-11-18 04:26:30 info: The number of text type posts for eroshotelnewdelhi is: 11
2018-11-18 04:26:31 info: The number of text type posts for iomfurkan is: 3
2018-11-18 04:26:31 info: The number of text type posts for photographdelhi is: 20
2018-11-18 04:26:32 info: The number of text type posts for delhibarcrawl is: 20
2018-11-18 04:26:33 info: The number of text type posts for oh-glasgow is: 20
2018-11-18 04:26:34 info: The number of text type posts for pre-party is: 20
2018-11-18 04:26:35 info: The number of text type posts for travelingcolors is: 20
2018-11-18 04:26:36 info: The number of text type posts for staff is: 20
2018-11-18 04:26:36 info: The number of photo type posts for hannahkemp is: 20
2018-11-18 04:26:38 info: The number of photo type posts for househuntingscotland is: 20
2018-11-18 04:26:38 info: The number of photo type posts for beautiful-scotland is: 20
2018-11-18 04:26:39 info: The number of photo type posts for 123ailsabrown is: 20
2018-11-18 04:26:40 info: The number of photo type posts for aricenttech is: 1
2018-11-18 04:26:40 info: The number of photo type posts for eroshotelnewdelhi is: 20
2018-11-18 04:26:41 info: The number of photo type posts for iomfurkan is: 20
2018-11-18 04:26:42 info: The number of photo type posts for photographdelhi is: 20
2018-11-18 04:26:43 info: The number of photo type posts for delhibarcrawl is: 20
2018-11-18 04:26:43 info: The number of photo type posts for oh-glasgow is: 20
2018-11-18 04:26:44 info: The number of photo type posts for pre-party is: 20
2018-11-18 04:26:45 info: The number of photo type posts for travelingcolors is: 20
2018-11-18 04:26:46 info: The number of photo type posts for staff is: 20
2018-11-18 04:27:41 info: Total posts of blog hannahkemp are: 1951
2018-11-18 04:27:41 info: Total posts of blog househuntingscotland are: 406
2018-11-18 04:27:41 info: Total posts of blog beautiful-scotland are: 1678
2018-11-18 04:27:41 info: Total posts of blog 123ailsabrown are: 25358
2018-11-18 04:27:41 info: Total posts of blog aricenttech are: 446
2018-11-18 04:27:41 info: Total posts of blog eroshotelnewdelhi are: 412
2018-11-18 04:27:41 info: Total posts of blog iomfurkan are: 27
2018-11-18 04:27:41 info: Total posts of blog photographdelhi are: 721
2018-11-18 04:27:41 info: Total posts of blog delhibarcrawl are: 1566
2018-11-18 04:27:41 info: Total posts of blog oh-glasgow are: 2068
2018-11-18 04:27:41 info: Total posts of blog pre-party are: 72402
2018-11-18 04:27:41 info: Total posts of blog travelingcolors are: 13572
2018-11-18 04:27:41 info: Total posts of blog staff are: 2333
2018-11-18 04:27:42 info: The number of link type posts for hannahkemp is: 3
2018-11-18 04:27:42 info: The number of link type posts for househuntingscotland is: 0
2018-11-18 04:27:43 info: The number of link type posts for beautiful-scotland is: 3
2018-11-18 04:27:43 info: The number of link type posts for 123ailsabrown is: 20
2018-11-18 04:27:44 info: The number of link type posts for aricenttech is: 20
2018-11-18 04:27:44 info: The number of link type posts for eroshotelnewdelhi is: 2
2018-11-18 04:27:45 info: The number of link type posts for iomfurkan is: 0
2018-11-18 04:27:45 info: The number of link type posts for photographdelhi is: 20
2018-11-18 04:27:49 info: The number of link type posts for delhibarcrawl is: 20
2018-11-18 04:27:50 info: The number of link type posts for oh-glasgow is: 20
2018-11-18 04:27:51 info: The number of link type posts for pre-party is: 1
2018-11-18 04:27:51 info: The number of link type posts for travelingcolors is: 18
2018-11-18 04:27:52 info: The number of link type posts for staff is: 20
2018-11-18 04:27:53 info: The number of text type posts for hannahkemp is: 5
2018-11-18 04:27:53 info: The number of text type posts for househuntingscotland is: 13
2018-11-18 04:27:54 info: The number of text type posts for beautiful-scotland is: 20
2018-11-18 04:27:54 info: The number of text type posts for 123ailsabrown is: 0
2018-11-18 04:27:55 info: The number of text type posts for aricenttech is: 1
2018-11-18 04:27:56 info: The number of text type posts for eroshotelnewdelhi is: 11
2018-11-18 04:27:56 info: The number of text type posts for iomfurkan is: 3
2018-11-18 04:27:57 info: The number of text type posts for photographdelhi is: 20
2018-11-18 04:27:58 info: The number of text type posts for delhibarcrawl is: 20
2018-11-18 04:27:59 info: The number of text type posts for oh-glasgow is: 20
2018-11-18 04:28:00 info: The number of text type posts for pre-party is: 20
2018-11-18 04:28:01 info: The number of text type posts for travelingcolors is: 20
2018-11-18 04:28:01 info: The number of text type posts for staff is: 20
2018-11-18 04:28:02 info: The number of photo type posts for hannahkemp is: 20
2018-11-18 04:28:03 info: The number of photo type posts for househuntingscotland is: 20
2018-11-18 04:28:04 info: The number of photo type posts for beautiful-scotland is: 20
2018-11-18 04:28:05 info: The number of photo type posts for 123ailsabrown is: 20
2018-11-18 04:28:05 info: The number of photo type posts for aricenttech is: 1
2018-11-18 04:28:06 info: The number of photo type posts for eroshotelnewdelhi is: 20
2018-11-18 04:28:07 info: The number of photo type posts for iomfurkan is: 20
2018-11-18 04:28:08 info: The number of photo type posts for photographdelhi is: 20
2018-11-18 04:28:09 info: The number of photo type posts for delhibarcrawl is: 20
2018-11-18 04:28:10 info: The number of photo type posts for oh-glasgow is: 20
2018-11-18 04:28:10 info: The number of photo type posts for pre-party is: 20
2018-11-18 04:28:11 info: The number of photo type posts for travelingcolors is: 20
2018-11-18 04:28:12 info: The number of photo type posts for staff is: 20
2018-11-18 04:29:21 info: Total posts of blog hannahkemp are: 1951
2018-11-18 04:29:21 info: Total posts of blog househuntingscotland are: 406
2018-11-18 04:29:21 info: Total posts of blog beautiful-scotland are: 1678
2018-11-18 04:29:21 info: Total posts of blog 123ailsabrown are: 25358
2018-11-18 04:29:21 info: Total posts of blog aricenttech are: 446
2018-11-18 04:29:21 info: Total posts of blog eroshotelnewdelhi are: 412
2018-11-18 04:29:21 info: Total posts of blog iomfurkan are: 27
2018-11-18 04:29:21 info: Total posts of blog photographdelhi are: 721
2018-11-18 04:29:21 info: Total posts of blog delhibarcrawl are: 1566
2018-11-18 04:29:21 info: Total posts of blog oh-glasgow are: 2068
2018-11-18 04:29:21 info: Total posts of blog pre-party are: 72402
2018-11-18 04:29:21 info: Total posts of blog travelingcolors are: 13572
2018-11-18 04:29:21 info: Total posts of blog staff are: 2333
2018-11-18 04:29:22 info: The number of link type posts for hannahkemp is: 3
2018-11-18 04:29:22 info: The number of link type posts for househuntingscotland is: 0
2018-11-18 04:29:23 info: The number of link type posts for beautiful-scotland is: 3
2018-11-18 04:29:23 info: The number of link type posts for 123ailsabrown is: 20
2018-11-18 04:29:24 info: The number of link type posts for aricenttech is: 20
2018-11-18 04:29:24 info: The number of link type posts for eroshotelnewdelhi is: 2
2018-11-18 04:29:25 info: The number of link type posts for iomfurkan is: 0
2018-11-18 04:29:26 info: The number of link type posts for photographdelhi is: 20
2018-11-18 04:29:26 info: The number of link type posts for delhibarcrawl is: 20
2018-11-18 04:29:28 info: The number of link type posts for oh-glasgow is: 20
2018-11-18 04:29:28 info: The number of link type posts for pre-party is: 1
2018-11-18 04:29:29 info: The number of link type posts for travelingcolors is: 18
2018-11-18 04:29:30 info: The number of link type posts for staff is: 20
2018-11-18 04:29:30 info: The number of text type posts for hannahkemp is: 5
2018-11-18 04:29:31 info: The number of text type posts for househuntingscotland is: 13
2018-11-18 04:29:32 info: The number of text type posts for beautiful-scotland is: 20
2018-11-18 04:29:32 info: The number of text type posts for 123ailsabrown is: 0
2018-11-18 04:29:33 info: The number of text type posts for aricenttech is: 1
2018-11-18 04:29:33 info: The number of text type posts for eroshotelnewdelhi is: 11
2018-11-18 04:29:34 info: The number of text type posts for iomfurkan is: 3
2018-11-18 04:29:35 info: The number of text type posts for photographdelhi is: 20
2018-11-18 04:29:35 info: The number of text type posts for delhibarcrawl is: 20
2018-11-18 04:29:36 info: The number of text type posts for oh-glasgow is: 20
2018-11-18 04:29:37 info: The number of text type posts for pre-party is: 20
2018-11-18 04:29:38 info: The number of text type posts for travelingcolors is: 20
2018-11-18 04:29:39 info: The number of text type posts for staff is: 20
2018-11-18 04:29:40 info: The number of photo type posts for hannahkemp is: 20
2018-11-18 04:29:41 info: The number of photo type posts for househuntingscotland is: 20
2018-11-18 04:29:42 info: The number of photo type posts for beautiful-scotland is: 20
2018-11-18 04:29:42 info: The number of photo type posts for 123ailsabrown is: 20
2018-11-18 04:29:43 info: The number of photo type posts for aricenttech is: 1
2018-11-18 04:29:44 info: The number of photo type posts for eroshotelnewdelhi is: 20
2018-11-18 04:29:44 info: The number of photo type posts for iomfurkan is: 20
2018-11-18 04:29:45 info: The number of photo type posts for photographdelhi is: 20
2018-11-18 04:29:46 info: The number of photo type posts for delhibarcrawl is: 20
2018-11-18 04:29:48 info: The number of photo type posts for oh-glasgow is: 20
2018-11-18 04:29:49 info: The number of photo type posts for pre-party is: 20
2018-11-18 04:29:49 info: The number of photo type posts for travelingcolors is: 20
2018-11-18 04:29:50 info: The number of photo type posts for staff is: 20
2018-11-18 04:32:33 info: Total posts of blog hannahkemp are: 1951
2018-11-18 04:32:33 info: Total posts of blog househuntingscotland are: 406
2018-11-18 04:32:33 info: Total posts of blog beautiful-scotland are: 1678
2018-11-18 04:32:33 info: Total posts of blog 123ailsabrown are: 25358
2018-11-18 04:32:33 info: Total posts of blog aricenttech are: 446
2018-11-18 04:32:33 info: Total posts of blog eroshotelnewdelhi are: 412
2018-11-18 04:32:33 info: Total posts of blog iomfurkan are: 27
2018-11-18 04:32:33 info: Total posts of blog photographdelhi are: 721
2018-11-18 04:32:33 info: Total posts of blog delhibarcrawl are: 1566
2018-11-18 04:32:33 info: Total posts of blog oh-glasgow are: 2068
2018-11-18 04:32:33 info: Total posts of blog pre-party are: 72402
2018-11-18 04:32:33 info: Total posts of blog travelingcolors are: 13572
2018-11-18 04:32:33 info: Total posts of blog staff are: 2333
2018-11-18 04:32:34 info: The number of link type posts for hannahkemp is: 3
2018-11-18 04:32:34 info: The number of link type posts for househuntingscotland is: 0
2018-11-18 04:32:35 info: The number of link type posts for beautiful-scotland is: 3
2018-11-18 04:32:35 info: The number of link type posts for 123ailsabrown is: 20
2018-11-18 04:32:36 info: The number of link type posts for aricenttech is: 20
2018-11-18 04:32:36 info: The number of link type posts for eroshotelnewdelhi is: 2
2018-11-18 04:32:37 info: The number of link type posts for iomfurkan is: 0
2018-11-18 04:32:38 info: The number of link type posts for photographdelhi is: 20
2018-11-18 04:32:40 info: The number of link type posts for delhibarcrawl is: 20
2018-11-18 04:32:41 info: The number of link type posts for oh-glasgow is: 20
2018-11-18 04:32:41 info: The number of link type posts for pre-party is: 1
2018-11-18 04:32:42 info: The number of link type posts for travelingcolors is: 18
2018-11-18 04:32:43 info: The number of link type posts for staff is: 20
2018-11-18 04:32:44 info: The number of text type posts for hannahkemp is: 5
2018-11-18 04:32:44 info: The number of text type posts for househuntingscotland is: 13
2018-11-18 04:32:45 info: The number of text type posts for beautiful-scotland is: 20
2018-11-18 04:32:45 info: The number of text type posts for 123ailsabrown is: 0
2018-11-18 04:32:46 info: The number of text type posts for aricenttech is: 1
2018-11-18 04:32:47 info: The number of text type posts for eroshotelnewdelhi is: 11
2018-11-18 04:32:47 info: The number of text type posts for iomfurkan is: 3
2018-11-18 04:32:48 info: The number of text type posts for photographdelhi is: 20
2018-11-18 04:32:49 info: The number of text type posts for delhibarcrawl is: 20
2018-11-18 04:32:50 info: The number of text type posts for oh-glasgow is: 20
2018-11-18 04:32:51 info: The number of text type posts for pre-party is: 20
2018-11-18 04:32:52 info: The number of text type posts for travelingcolors is: 20
2018-11-18 04:32:53 info: The number of text type posts for staff is: 20
2018-11-18 04:32:53 info: The number of photo type posts for hannahkemp is: 20
2018-11-18 04:32:54 info: The number of photo type posts for househuntingscotland is: 20
2018-11-18 04:32:55 info: The number of photo type posts for beautiful-scotland is: 20
2018-11-18 04:32:56 info: The number of photo type posts for 123ailsabrown is: 20
2018-11-18 04:32:56 info: The number of photo type posts for aricenttech is: 1
2018-11-18 04:32:57 info: The number of photo type posts for eroshotelnewdelhi is: 20
2018-11-18 04:32:58 info: The number of photo type posts for iomfurkan is: 20
2018-11-18 04:32:59 info: The number of photo type posts for photographdelhi is: 20
2018-11-18 04:33:00 info: The number of photo type posts for delhibarcrawl is: 20
2018-11-18 04:33:00 info: The number of photo type posts for oh-glasgow is: 20
2018-11-18 04:33:01 info: The number of photo type posts for pre-party is: 20
2018-11-18 04:33:02 info: The number of photo type posts for travelingcolors is: 20
2018-11-18 04:33:03 info: The number of photo type posts for staff is: 20
2018-11-18 04:33:04 info: Total posts of blog hannahkemp are: 1951
2018-11-18 04:33:04 info: Total posts of blog househuntingscotland are: 406
2018-11-18 04:33:04 info: Total posts of blog beautiful-scotland are: 1678
2018-11-18 04:33:04 info: Total posts of blog 123ailsabrown are: 25358
2018-11-18 04:33:04 info: Total posts of blog aricenttech are: 446
2018-11-18 04:33:04 info: Total posts of blog eroshotelnewdelhi are: 412
2018-11-18 04:33:04 info: Total posts of blog iomfurkan are: 27
2018-11-18 04:33:04 info: Total posts of blog photographdelhi are: 721
2018-11-18 04:33:04 info: Total posts of blog delhibarcrawl are: 1566
2018-11-18 04:33:04 info: Total posts of blog oh-glasgow are: 2068
2018-11-18 04:33:04 info: Total posts of blog pre-party are: 72402
2018-11-18 04:33:04 info: Total posts of blog travelingcolors are: 13572
2018-11-18 04:33:04 info: Total posts of blog staff are: 2333
2018-11-18 04:33:05 info: The number of link type posts for hannahkemp is: 3
2018-11-18 04:33:29 info: Total posts of blog hannahkemp are: 1951
2018-11-18 04:33:29 info: Total posts of blog househuntingscotland are: 406
2018-11-18 04:33:29 info: Total posts of blog beautiful-scotland are: 1678
2018-11-18 04:33:29 info: Total posts of blog 123ailsabrown are: 25358
2018-11-18 04:33:29 info: Total posts of blog aricenttech are: 446
2018-11-18 04:33:29 info: Total posts of blog eroshotelnewdelhi are: 412
2018-11-18 04:33:29 info: Total posts of blog iomfurkan are: 27
2018-11-18 04:33:29 info: Total posts of blog photographdelhi are: 721
2018-11-18 04:33:29 info: Total posts of blog delhibarcrawl are: 1566
2018-11-18 04:33:29 info: Total posts of blog oh-glasgow are: 2068
2018-11-18 04:33:29 info: Total posts of blog pre-party are: 72402
2018-11-18 04:33:29 info: Total posts of blog travelingcolors are: 13572
2018-11-18 04:33:29 info: Total posts of blog staff are: 2333
2018-11-18 04:33:30 info: The number of link type posts for hannahkemp is: 3
2018-11-18 04:33:31 info: The number of link type posts for househuntingscotland is: 0
2018-11-18 04:33:31 info: The number of link type posts for beautiful-scotland is: 3
2018-11-18 04:33:32 info: The number of link type posts for 123ailsabrown is: 20
2018-11-18 04:33:32 info: The number of link type posts for aricenttech is: 20
2018-11-18 04:33:33 info: The number of link type posts for eroshotelnewdelhi is: 2
2018-11-18 04:33:33 info: The number of link type posts for iomfurkan is: 0
2018-11-18 04:33:34 info: The number of link type posts for photographdelhi is: 20
2018-11-18 04:33:34 info: The number of link type posts for delhibarcrawl is: 20
2018-11-18 04:33:35 info: The number of link type posts for oh-glasgow is: 20
2018-11-18 04:33:36 info: The number of link type posts for pre-party is: 1
2018-11-18 04:33:37 info: The number of link type posts for travelingcolors is: 18
2018-11-18 04:33:38 info: The number of link type posts for staff is: 20
2018-11-18 04:33:38 info: The number of text type posts for hannahkemp is: 5
2018-11-18 04:33:39 info: The number of text type posts for househuntingscotland is: 13
2018-11-18 04:33:39 info: The number of text type posts for beautiful-scotland is: 20
2018-11-18 04:33:40 info: The number of text type posts for 123ailsabrown is: 0
2018-11-18 04:33:40 info: The number of text type posts for aricenttech is: 1
2018-11-18 04:33:41 info: The number of text type posts for eroshotelnewdelhi is: 11
2018-11-18 04:33:42 info: The number of text type posts for iomfurkan is: 3
2018-11-18 04:33:43 info: The number of text type posts for photographdelhi is: 20
2018-11-18 04:33:43 info: The number of text type posts for delhibarcrawl is: 20
2018-11-18 04:33:44 info: The number of text type posts for oh-glasgow is: 20
2018-11-18 04:33:45 info: The number of text type posts for pre-party is: 20
2018-11-18 04:33:46 info: The number of text type posts for travelingcolors is: 20
2018-11-18 04:33:47 info: The number of text type posts for staff is: 20
2018-11-18 04:33:48 info: The number of photo type posts for hannahkemp is: 20
2018-11-18 04:33:49 info: The number of photo type posts for househuntingscotland is: 20
2018-11-18 04:33:50 info: The number of photo type posts for beautiful-scotland is: 20
2018-11-18 04:33:50 info: The number of photo type posts for 123ailsabrown is: 20
2018-11-18 04:33:51 info: The number of photo type posts for aricenttech is: 1
2018-11-18 04:33:51 info: The number of photo type posts for eroshotelnewdelhi is: 20
2018-11-18 04:33:52 info: The number of photo type posts for iomfurkan is: 20
2018-11-18 04:33:53 info: The number of photo type posts for photographdelhi is: 20
2018-11-18 04:33:54 info: The number of photo type posts for delhibarcrawl is: 20
2018-11-18 04:33:54 info: The number of photo type posts for oh-glasgow is: 20
2018-11-18 04:33:55 info: The number of photo type posts for pre-party is: 20
2018-11-18 04:33:56 info: The number of photo type posts for travelingcolors is: 20
2018-11-18 04:33:57 info: The number of photo type posts for staff is: 20
2018-11-18 04:34:39 info: Total posts of blog hannahkemp are: 1951
2018-11-18 04:34:39 info: Total posts of blog househuntingscotland are: 406
2018-11-18 04:34:39 info: Total posts of blog beautiful-scotland are: 1678
2018-11-18 04:34:39 info: Total posts of blog 123ailsabrown are: 25358
2018-11-18 04:34:39 info: Total posts of blog aricenttech are: 446
2018-11-18 04:34:39 info: Total posts of blog eroshotelnewdelhi are: 412
2018-11-18 04:34:39 info: Total posts of blog iomfurkan are: 27
2018-11-18 04:34:39 info: Total posts of blog photographdelhi are: 721
2018-11-18 04:34:39 info: Total posts of blog delhibarcrawl are: 1566
2018-11-18 04:34:39 info: Total posts of blog oh-glasgow are: 2068
2018-11-18 04:34:39 info: Total posts of blog pre-party are: 72402
2018-11-18 04:34:39 info: Total posts of blog travelingcolors are: 13572
2018-11-18 04:34:39 info: Total posts of blog staff are: 2333
2018-11-18 04:34:40 info: The number of link type posts for hannahkemp is: 3
2018-11-18 04:34:40 info: The number of link type posts for househuntingscotland is: 0
2018-11-18 04:34:41 info: The number of link type posts for beautiful-scotland is: 3
2018-11-18 04:34:41 info: The number of link type posts for 123ailsabrown is: 20
2018-11-18 04:34:42 info: The number of link type posts for aricenttech is: 20
2018-11-18 04:34:42 info: The number of link type posts for eroshotelnewdelhi is: 2
2018-11-18 04:34:43 info: The number of link type posts for iomfurkan is: 0
2018-11-18 04:34:44 info: The number of link type posts for photographdelhi is: 20
2018-11-18 04:34:44 info: The number of link type posts for delhibarcrawl is: 20
2018-11-18 04:34:45 info: The number of link type posts for oh-glasgow is: 20
2018-11-18 04:34:46 info: The number of link type posts for pre-party is: 1
2018-11-18 04:34:47 info: The number of link type posts for travelingcolors is: 18
2018-11-18 04:34:48 info: The number of link type posts for staff is: 20
2018-11-18 04:34:49 info: The number of text type posts for hannahkemp is: 5
2018-11-18 04:34:49 info: The number of text type posts for househuntingscotland is: 13
2018-11-18 04:34:50 info: The number of text type posts for beautiful-scotland is: 20
2018-11-18 04:34:51 info: The number of text type posts for 123ailsabrown is: 0
2018-11-18 04:34:51 info: The number of text type posts for aricenttech is: 1
2018-11-18 04:34:52 info: The number of text type posts for eroshotelnewdelhi is: 11
2018-11-18 04:34:52 info: The number of text type posts for iomfurkan is: 3
2018-11-18 04:34:53 info: The number of text type posts for photographdelhi is: 20
2018-11-18 04:34:54 info: The number of text type posts for delhibarcrawl is: 20
2018-11-18 04:34:55 info: The number of text type posts for oh-glasgow is: 20
2018-11-18 04:34:56 info: The number of text type posts for pre-party is: 20
2018-11-18 04:34:57 info: The number of text type posts for travelingcolors is: 20
2018-11-18 04:34:59 info: The number of text type posts for staff is: 20
2018-11-18 04:34:59 info: The number of photo type posts for hannahkemp is: 20
2018-11-18 04:35:00 info: The number of photo type posts for househuntingscotland is: 20
2018-11-18 04:35:01 info: The number of photo type posts for beautiful-scotland is: 20
2018-11-18 04:35:02 info: The number of photo type posts for 123ailsabrown is: 20
2018-11-18 04:35:02 info: The number of photo type posts for aricenttech is: 1
2018-11-18 04:35:03 info: The number of photo type posts for eroshotelnewdelhi is: 20
2018-11-18 04:35:04 info: The number of photo type posts for iomfurkan is: 20
2018-11-18 04:35:04 info: The number of photo type posts for photographdelhi is: 20
2018-11-18 04:35:05 info: The number of photo type posts for delhibarcrawl is: 20
2018-11-18 04:35:06 info: The number of photo type posts for oh-glasgow is: 20
2018-11-18 04:35:06 info: The number of photo type posts for pre-party is: 20
2018-11-18 04:35:08 info: The number of photo type posts for travelingcolors is: 20
2018-11-18 04:35:09 info: The number of photo type posts for staff is: 20
2018-11-18 04:40:17 info: Total posts of blog hannahkemp are: 1951
2018-11-18 04:40:17 info: Total posts of blog househuntingscotland are: 406
2018-11-18 04:40:17 info: Total posts of blog beautiful-scotland are: 1678
2018-11-18 04:40:17 info: Total posts of blog 123ailsabrown are: 25358
2018-11-18 04:40:17 info: Total posts of blog aricenttech are: 446
2018-11-18 04:40:17 info: Total posts of blog eroshotelnewdelhi are: 412
2018-11-18 04:40:17 info: Total posts of blog iomfurkan are: 27
2018-11-18 04:40:17 info: Total posts of blog photographdelhi are: 721
2018-11-18 04:40:17 info: Total posts of blog delhibarcrawl are: 1566
2018-11-18 04:40:17 info: Total posts of blog oh-glasgow are: 2068
2018-11-18 04:40:17 info: Total posts of blog pre-party are: 72402
2018-11-18 04:40:17 info: Total posts of blog travelingcolors are: 13572
2018-11-18 04:40:17 info: Total posts of blog staff are: 2333
2018-11-18 04:40:19 info: The number of link type posts for hannahkemp is: 3
2018-11-18 04:40:19 info: The number of link type posts for househuntingscotland is: 0
2018-11-18 04:40:20 info: The number of link type posts for beautiful-scotland is: 3
2018-11-18 04:40:20 info: The number of link type posts for 123ailsabrown is: 20
2018-11-18 04:40:21 info: The number of link type posts for aricenttech is: 20
2018-11-18 04:40:21 info: The number of link type posts for eroshotelnewdelhi is: 2
2018-11-18 04:40:22 info: The number of link type posts for iomfurkan is: 0
2018-11-18 04:40:22 info: The number of link type posts for photographdelhi is: 20
2018-11-18 04:40:23 info: The number of link type posts for delhibarcrawl is: 20
2018-11-18 04:40:24 info: The number of link type posts for oh-glasgow is: 20
2018-11-18 04:40:24 info: The number of link type posts for pre-party is: 1
2018-11-18 04:40:25 info: The number of link type posts for travelingcolors is: 18
2018-11-18 04:40:26 info: The number of link type posts for staff is: 20
2018-11-18 04:40:27 info: The number of text type posts for hannahkemp is: 5
2018-11-18 04:40:28 info: The number of text type posts for househuntingscotland is: 13
2018-11-18 04:40:28 info: The number of text type posts for beautiful-scotland is: 20
2018-11-18 04:40:29 info: The number of text type posts for 123ailsabrown is: 0
2018-11-18 04:40:29 info: The number of text type posts for aricenttech is: 1
2018-11-18 04:40:30 info: The number of text type posts for eroshotelnewdelhi is: 11
2018-11-18 04:40:31 info: The number of text type posts for iomfurkan is: 3
2018-11-18 04:40:31 info: The number of text type posts for photographdelhi is: 20
2018-11-18 04:40:32 info: The number of text type posts for delhibarcrawl is: 20
2018-11-18 04:40:33 info: The number of text type posts for oh-glasgow is: 20
2018-11-18 04:40:34 info: The number of text type posts for pre-party is: 20
2018-11-18 04:40:35 info: The number of text type posts for travelingcolors is: 20
2018-11-18 04:40:36 info: The number of text type posts for staff is: 20
2018-11-18 04:40:36 info: The number of photo type posts for hannahkemp is: 20
2018-11-18 04:40:38 info: The number of photo type posts for househuntingscotland is: 20
2018-11-18 04:40:39 info: The number of photo type posts for beautiful-scotland is: 20
2018-11-18 04:40:39 info: The number of photo type posts for 123ailsabrown is: 20
2018-11-18 04:40:40 info: The number of photo type posts for aricenttech is: 1
2018-11-18 04:40:40 info: The number of photo type posts for eroshotelnewdelhi is: 20
2018-11-18 04:40:41 info: The number of photo type posts for iomfurkan is: 20
2018-11-18 04:40:42 info: The number of photo type posts for photographdelhi is: 20
2018-11-18 04:40:43 info: The number of photo type posts for delhibarcrawl is: 20
2018-11-18 04:40:44 info: The number of photo type posts for oh-glasgow is: 20
2018-11-18 04:40:44 info: The number of photo type posts for pre-party is: 20
2018-11-18 04:40:45 info: The number of photo type posts for travelingcolors is: 20
2018-11-18 04:40:46 info: The number of photo type posts for staff is: 20
