2018-11-19 13:44:41 info: Total posts of blog hannahkemp are: 1953
2018-11-19 13:44:41 info: Total posts of blog househuntingscotland are: 406
2018-11-19 13:44:41 info: Total posts of blog beautiful-scotland are: 1678
2018-11-19 13:44:41 info: Total posts of blog 123ailsabrown are: 25358
2018-11-19 13:44:41 info: Total posts of blog aricenttech are: 446
2018-11-19 13:44:41 info: Total posts of blog eroshotelnewdelhi are: 414
2018-11-19 13:44:41 info: Total posts of blog iomfurkan are: 27
2018-11-19 13:44:41 info: Total posts of blog photographdelhi are: 721
2018-11-19 13:44:41 info: Total posts of blog delhibarcrawl are: 1566
2018-11-19 13:44:41 info: Total posts of blog oh-glasgow are: 2068
2018-11-19 13:44:41 info: Total posts of blog pre-party are: 72756
2018-11-19 13:44:41 info: Total posts of blog travelingcolors are: 13573
2018-11-19 13:44:41 info: Total posts of blog staff are: 2333
2018-11-19 13:44:42 info: The number of link type posts for hannahkemp is: 3
2018-11-19 13:44:43 info: The number of link type posts for househuntingscotland is: 0
2018-11-19 13:44:43 info: The number of link type posts for beautiful-scotland is: 3
2018-11-19 13:44:44 info: The number of link type posts for 123ailsabrown is: 20
2018-11-19 13:44:44 info: The number of link type posts for aricenttech is: 20
2018-11-19 13:44:45 info: The number of link type posts for eroshotelnewdelhi is: 2
2018-11-19 13:44:45 info: The number of link type posts for iomfurkan is: 0
2018-11-19 13:44:46 info: The number of link type posts for photographdelhi is: 20
2018-11-19 13:44:47 info: The number of link type posts for delhibarcrawl is: 20
2018-11-19 13:44:48 info: The number of link type posts for oh-glasgow is: 20
2018-11-19 13:44:49 info: The number of link type posts for pre-party is: 1
2018-11-19 13:44:50 info: The number of link type posts for travelingcolors is: 18
2018-11-19 13:44:50 info: The number of link type posts for staff is: 20
2018-11-19 13:44:51 info: The number of text type posts for hannahkemp is: 5
2018-11-19 13:44:52 info: The number of text type posts for househuntingscotland is: 13
2018-11-19 13:44:52 info: The number of text type posts for beautiful-scotland is: 20
2018-11-19 13:44:53 info: The number of text type posts for 123ailsabrown is: 0
2018-11-19 13:44:53 info: The number of text type posts for aricenttech is: 1
2018-11-19 13:44:57 info: The number of text type posts for eroshotelnewdelhi is: 11
2018-11-19 13:44:58 info: The number of text type posts for iomfurkan is: 3
2018-11-19 13:44:58 info: The number of text type posts for photographdelhi is: 20
2018-11-19 13:44:59 info: The number of text type posts for delhibarcrawl is: 20
2018-11-19 13:45:00 info: The number of text type posts for oh-glasgow is: 20
2018-11-19 13:45:01 info: The number of text type posts for pre-party is: 20
2018-11-19 13:45:02 info: The number of text type posts for travelingcolors is: 20
2018-11-19 13:45:03 info: The number of text type posts for staff is: 20
2018-11-19 13:45:04 info: The number of photo type posts for hannahkemp is: 20
2018-11-19 13:45:05 info: The number of photo type posts for househuntingscotland is: 20
2018-11-19 13:45:05 info: The number of photo type posts for beautiful-scotland is: 20
2018-11-19 13:45:06 info: The number of photo type posts for 123ailsabrown is: 20
2018-11-19 13:45:07 info: The number of photo type posts for aricenttech is: 1
2018-11-19 13:45:07 info: The number of photo type posts for eroshotelnewdelhi is: 20
2018-11-19 13:45:08 info: The number of photo type posts for iomfurkan is: 20
2018-11-19 13:45:09 info: The number of photo type posts for photographdelhi is: 20
2018-11-19 13:45:10 info: The number of photo type posts for delhibarcrawl is: 20
2018-11-19 13:45:11 info: The number of photo type posts for oh-glasgow is: 20
2018-11-19 13:45:11 info: The number of photo type posts for pre-party is: 20
2018-11-19 13:45:12 info: The number of photo type posts for travelingcolors is: 20
2018-11-19 13:45:13 info: The number of photo type posts for staff is: 20
